<?xml version="1.0" encoding="UTF-8"?>
<!-- Generated by org.testng.reporters.JUnitReportReporter -->
<testsuite skipped="0" hostname="DESKTOP-EAPBHTE" name="asesorEspacial.TC002_Filtrar_Resultados" tests="3" failures="0" timestamp="10 Nov 2021 22:33:14 GMT" time="26.531" errors="0">
  <testcase name="TestCargarURLTestim" time="4.677" classname="asesorEspacial.TC002_Filtrar_Resultados"/>
  <testcase name="SeleccionarDestino" time="13.190" classname="asesorEspacial.TC002_Filtrar_Resultados"/>
  <testcase name="FiltrarResultados" time="8.664" classname="asesorEspacial.TC002_Filtrar_Resultados"/>
</testsuite> <!-- asesorEspacial.TC002_Filtrar_Resultados -->
