<?xml version="1.0" encoding="UTF-8"?>
<!-- Generated by org.testng.reporters.JUnitReportReporter -->
<testsuite skipped="0" hostname="DESKTOP-EAPBHTE" name="asesorEspacial.TC005_Iniciar_Sesion" tests="2" failures="0" timestamp="10 Nov 2021 22:33:14 GMT" time="14.565" errors="0">
  <testcase name="TestCargarURLTestim" time="4.826" classname="asesorEspacial.TC005_Iniciar_Sesion"/>
  <testcase name="IniciarSesion" time="9.739" classname="asesorEspacial.TC005_Iniciar_Sesion"/>
</testsuite> <!-- asesorEspacial.TC005_Iniciar_Sesion -->
