<?xml version="1.0" encoding="UTF-8"?>
<!-- Generated by org.testng.reporters.JUnitReportReporter -->
<testsuite skipped="0" hostname="DESKTOP-EAPBHTE" name="asesorEspacial.TC001_Seleccionar_Destino" tests="2" failures="0" timestamp="10 Nov 2021 22:33:14 GMT" time="19.093" errors="0">
  <testcase name="TestCargarURLTestim" time="5.815" classname="asesorEspacial.TC001_Seleccionar_Destino"/>
  <testcase name="SeleccionarDestino" time="13.278" classname="asesorEspacial.TC001_Seleccionar_Destino"/>
</testsuite> <!-- asesorEspacial.TC001_Seleccionar_Destino -->
