<?xml version="1.0" encoding="UTF-8"?>
<!-- Generated by org.testng.reporters.JUnitReportReporter -->
<testsuite skipped="0" hostname="DESKTOP-EAPBHTE" name="asesorEspacial.TC003_Agregar_Destino_Carro" tests="4" failures="0" timestamp="10 Nov 2021 22:33:14 GMT" time="31.563" errors="0">
  <testcase name="TestCargarURLTestim" time="4.821" classname="asesorEspacial.TC003_Agregar_Destino_Carro"/>
  <testcase name="SeleccionarDestino" time="13.231" classname="asesorEspacial.TC003_Agregar_Destino_Carro"/>
  <testcase name="FiltrarResultados" time="8.629" classname="asesorEspacial.TC003_Agregar_Destino_Carro"/>
  <testcase name="AgregarDestino" time="4.882" classname="asesorEspacial.TC003_Agregar_Destino_Carro"/>
</testsuite> <!-- asesorEspacial.TC003_Agregar_Destino_Carro -->
