<?xml version="1.0" encoding="UTF-8"?>
<!-- Generated by org.testng.reporters.JUnitReportReporter -->
<testsuite skipped="0" hostname="DESKTOP-EAPBHTE" name="asesorEspacial.TC004_Completar_Checkout" tests="5" failures="0" timestamp="10 Nov 2021 23:41:52 GMT" time="58.239" errors="0">
  <testcase name="TestCargarURLTestim" time="5.412" classname="asesorEspacial.TC004_Completar_Checkout"/>
  <testcase name="SeleccionarDestino" time="13.332" classname="asesorEspacial.TC004_Completar_Checkout"/>
  <testcase name="FiltrarResultados" time="8.667" classname="asesorEspacial.TC004_Completar_Checkout"/>
  <testcase name="AgregarDestino" time="6.006" classname="asesorEspacial.TC004_Completar_Checkout"/>
  <testcase name="CompletarCheckout" time="24.822" classname="asesorEspacial.TC004_Completar_Checkout"/>
</testsuite> <!-- asesorEspacial.TC004_Completar_Checkout -->
