<?xml version="1.0" encoding="UTF-8"?>
<!-- Generated by org.testng.reporters.JUnitReportReporter -->
<testsuite skipped="0" hostname="DESKTOP-EAPBHTE" name="asesorEspacial.TC003_Agregar_Destino_Carro" tests="4" failures="0" timestamp="10 Nov 2021 23:33:27 GMT" time="34.017" errors="0">
  <testcase name="TestCargarURLTestim" time="6.029" classname="asesorEspacial.TC003_Agregar_Destino_Carro"/>
  <testcase name="SeleccionarDestino" time="13.297" classname="asesorEspacial.TC003_Agregar_Destino_Carro"/>
  <testcase name="FiltrarResultados" time="8.697" classname="asesorEspacial.TC003_Agregar_Destino_Carro"/>
  <testcase name="AgregarDestino" time="5.994" classname="asesorEspacial.TC003_Agregar_Destino_Carro"/>
</testsuite> <!-- asesorEspacial.TC003_Agregar_Destino_Carro -->
