<?xml version="1.0" encoding="UTF-8"?>
<!-- Generated by org.testng.reporters.JUnitReportReporter -->
<testsuite skipped="0" hostname="DESKTOP-EAPBHTE" name="asesorEspacial.TC002_Filtrar_Resultados" tests="3" failures="0" timestamp="10 Nov 2021 22:21:27 GMT" time="27.448" errors="0">
  <testcase name="TestCargarURLTestim" time="5.479" classname="asesorEspacial.TC002_Filtrar_Resultados"/>
  <testcase name="SeleccionarDestino" time="13.306" classname="asesorEspacial.TC002_Filtrar_Resultados"/>
  <testcase name="FiltrarResultados" time="8.663" classname="asesorEspacial.TC002_Filtrar_Resultados"/>
</testsuite> <!-- asesorEspacial.TC002_Filtrar_Resultados -->
